CRITICAL - 2022-05-11 13:36:56 --> Undefined variable: lucio
#0 /Users/matheusgomes/Downloads/XAMPP/xamppfiles/htdocs/food/app/Views/welcome_message.php(236): CodeIgniter\Debug\Exceptions->errorHandler(8, 'Undefined varia...', '/Users/matheusg...', 236, Array)
#1 /Users/matheusgomes/Downloads/XAMPP/xamppfiles/htdocs/food/system/View/View.php(210): include('/Users/matheusg...')
#2 /Users/matheusgomes/Downloads/XAMPP/xamppfiles/htdocs/food/system/View/View.php(213): CodeIgniter\View\View->CodeIgniter\View\{closure}()
#3 /Users/matheusgomes/Downloads/XAMPP/xamppfiles/htdocs/food/system/Common.php(1089): CodeIgniter\View\View->render('welcome_message', Array, true)
#4 /Users/matheusgomes/Downloads/XAMPP/xamppfiles/htdocs/food/app/Controllers/Home.php(9): view('welcome_message')
#5 /Users/matheusgomes/Downloads/XAMPP/xamppfiles/htdocs/food/system/CodeIgniter.php(832): App\Controllers\Home->index()
#6 /Users/matheusgomes/Downloads/XAMPP/xamppfiles/htdocs/food/system/CodeIgniter.php(419): CodeIgniter\CodeIgniter->runController(Object(App\Controllers\Home))
#7 /Users/matheusgomes/Downloads/XAMPP/xamppfiles/htdocs/food/system/CodeIgniter.php(326): CodeIgniter\CodeIgniter->handleRequest(NULL, Object(Config\Cache), false)
#8 /Users/matheusgomes/Downloads/XAMPP/xamppfiles/htdocs/food/public/index.php(37): CodeIgniter\CodeIgniter->run()
#9 /Users/matheusgomes/Downloads/XAMPP/xamppfiles/htdocs/food/system/Commands/Server/rewrite.php(43): require_once('/Users/matheusg...')
#10 {main}
CRITICAL - 2022-05-11 13:46:24 --> Invalid file: Testes/index.php
#0 /Users/matheusgomes/Downloads/XAMPP/xamppfiles/htdocs/food/system/View/View.php(198): CodeIgniter\Exceptions\FrameworkException::forInvalidFile('Testes/index.ph...')
#1 /Users/matheusgomes/Downloads/XAMPP/xamppfiles/htdocs/food/system/Common.php(1089): CodeIgniter\View\View->render('Testes/index', Array, true)
#2 /Users/matheusgomes/Downloads/XAMPP/xamppfiles/htdocs/food/app/Controllers/Testes.php(10): view('Testes/index')
#3 /Users/matheusgomes/Downloads/XAMPP/xamppfiles/htdocs/food/system/CodeIgniter.php(832): App\Controllers\Testes->index()
#4 /Users/matheusgomes/Downloads/XAMPP/xamppfiles/htdocs/food/system/CodeIgniter.php(419): CodeIgniter\CodeIgniter->runController(Object(App\Controllers\Testes))
#5 /Users/matheusgomes/Downloads/XAMPP/xamppfiles/htdocs/food/system/CodeIgniter.php(326): CodeIgniter\CodeIgniter->handleRequest(NULL, Object(Config\Cache), false)
#6 /Users/matheusgomes/Downloads/XAMPP/xamppfiles/htdocs/food/public/index.php(37): CodeIgniter\CodeIgniter->run()
#7 /Users/matheusgomes/Downloads/XAMPP/xamppfiles/htdocs/food/system/Commands/Server/rewrite.php(43): require_once('/Users/matheusg...')
#8 {main}
CRITICAL - 2022-05-11 13:47:00 --> Invalid file: Testes/index.php
#0 /Users/matheusgomes/Downloads/XAMPP/xamppfiles/htdocs/food/system/View/View.php(198): CodeIgniter\Exceptions\FrameworkException::forInvalidFile('Testes/index.ph...')
#1 /Users/matheusgomes/Downloads/XAMPP/xamppfiles/htdocs/food/system/Common.php(1089): CodeIgniter\View\View->render('Testes/index', Array, true)
#2 /Users/matheusgomes/Downloads/XAMPP/xamppfiles/htdocs/food/app/Controllers/Testes.php(11): view('Testes/index')
#3 /Users/matheusgomes/Downloads/XAMPP/xamppfiles/htdocs/food/system/CodeIgniter.php(832): App\Controllers\Testes->index()
#4 /Users/matheusgomes/Downloads/XAMPP/xamppfiles/htdocs/food/system/CodeIgniter.php(419): CodeIgniter\CodeIgniter->runController(Object(App\Controllers\Testes))
#5 /Users/matheusgomes/Downloads/XAMPP/xamppfiles/htdocs/food/system/CodeIgniter.php(326): CodeIgniter\CodeIgniter->handleRequest(NULL, Object(Config\Cache), false)
#6 /Users/matheusgomes/Downloads/XAMPP/xamppfiles/htdocs/food/public/index.php(37): CodeIgniter\CodeIgniter->run()
#7 /Users/matheusgomes/Downloads/XAMPP/xamppfiles/htdocs/food/system/Commands/Server/rewrite.php(43): require_once('/Users/matheusg...')
#8 {main}
CRITICAL - 2022-05-11 13:47:21 --> Invalid file: Testes/index.php
#0 /Users/matheusgomes/Downloads/XAMPP/xamppfiles/htdocs/food/system/View/View.php(198): CodeIgniter\Exceptions\FrameworkException::forInvalidFile('Testes/index.ph...')
#1 /Users/matheusgomes/Downloads/XAMPP/xamppfiles/htdocs/food/system/Common.php(1089): CodeIgniter\View\View->render('Testes/index', Array, true)
#2 /Users/matheusgomes/Downloads/XAMPP/xamppfiles/htdocs/food/app/Controllers/Testes.php(11): view('Testes/index')
#3 /Users/matheusgomes/Downloads/XAMPP/xamppfiles/htdocs/food/system/CodeIgniter.php(832): App\Controllers\Testes->index()
#4 /Users/matheusgomes/Downloads/XAMPP/xamppfiles/htdocs/food/system/CodeIgniter.php(419): CodeIgniter\CodeIgniter->runController(Object(App\Controllers\Testes))
#5 /Users/matheusgomes/Downloads/XAMPP/xamppfiles/htdocs/food/system/CodeIgniter.php(326): CodeIgniter\CodeIgniter->handleRequest(NULL, Object(Config\Cache), false)
#6 /Users/matheusgomes/Downloads/XAMPP/xamppfiles/htdocs/food/public/index.php(37): CodeIgniter\CodeIgniter->run()
#7 /Users/matheusgomes/Downloads/XAMPP/xamppfiles/htdocs/food/system/Commands/Server/rewrite.php(43): require_once('/Users/matheusg...')
#8 {main}
CRITICAL - 2022-05-11 13:48:08 --> Invalid file: Testes/index.php
#0 /Users/matheusgomes/Downloads/XAMPP/xamppfiles/htdocs/food/system/View/View.php(198): CodeIgniter\Exceptions\FrameworkException::forInvalidFile('Testes/index.ph...')
#1 /Users/matheusgomes/Downloads/XAMPP/xamppfiles/htdocs/food/system/Common.php(1089): CodeIgniter\View\View->render('Testes/index', Array, true)
#2 /Users/matheusgomes/Downloads/XAMPP/xamppfiles/htdocs/food/app/Controllers/Testes.php(11): view('Testes/index')
#3 /Users/matheusgomes/Downloads/XAMPP/xamppfiles/htdocs/food/system/CodeIgniter.php(832): App\Controllers\Testes->index()
#4 /Users/matheusgomes/Downloads/XAMPP/xamppfiles/htdocs/food/system/CodeIgniter.php(419): CodeIgniter\CodeIgniter->runController(Object(App\Controllers\Testes))
#5 /Users/matheusgomes/Downloads/XAMPP/xamppfiles/htdocs/food/system/CodeIgniter.php(326): CodeIgniter\CodeIgniter->handleRequest(NULL, Object(Config\Cache), false)
#6 /Users/matheusgomes/Downloads/XAMPP/xamppfiles/htdocs/food/public/index.php(37): CodeIgniter\CodeIgniter->run()
#7 /Users/matheusgomes/Downloads/XAMPP/xamppfiles/htdocs/food/system/Commands/Server/rewrite.php(43): require_once('/Users/matheusg...')
#8 {main}
CRITICAL - 2022-05-11 13:48:12 --> Invalid file: Testes/index.php
#0 /Users/matheusgomes/Downloads/XAMPP/xamppfiles/htdocs/food/system/View/View.php(198): CodeIgniter\Exceptions\FrameworkException::forInvalidFile('Testes/index.ph...')
#1 /Users/matheusgomes/Downloads/XAMPP/xamppfiles/htdocs/food/system/Common.php(1089): CodeIgniter\View\View->render('Testes/index', Array, true)
#2 /Users/matheusgomes/Downloads/XAMPP/xamppfiles/htdocs/food/app/Controllers/Testes.php(11): view('Testes/index')
#3 /Users/matheusgomes/Downloads/XAMPP/xamppfiles/htdocs/food/system/CodeIgniter.php(832): App\Controllers\Testes->index()
#4 /Users/matheusgomes/Downloads/XAMPP/xamppfiles/htdocs/food/system/CodeIgniter.php(419): CodeIgniter\CodeIgniter->runController(Object(App\Controllers\Testes))
#5 /Users/matheusgomes/Downloads/XAMPP/xamppfiles/htdocs/food/system/CodeIgniter.php(326): CodeIgniter\CodeIgniter->handleRequest(NULL, Object(Config\Cache), false)
#6 /Users/matheusgomes/Downloads/XAMPP/xamppfiles/htdocs/food/public/index.php(37): CodeIgniter\CodeIgniter->run()
#7 /Users/matheusgomes/Downloads/XAMPP/xamppfiles/htdocs/food/system/Commands/Server/rewrite.php(43): require_once('/Users/matheusg...')
#8 {main}
CRITICAL - 2022-05-11 13:48:38 --> Invalid file: Testes/index.php
#0 /Users/matheusgomes/Downloads/XAMPP/xamppfiles/htdocs/food/system/View/View.php(198): CodeIgniter\Exceptions\FrameworkException::forInvalidFile('Testes/index.ph...')
#1 /Users/matheusgomes/Downloads/XAMPP/xamppfiles/htdocs/food/system/Common.php(1089): CodeIgniter\View\View->render('Testes/index', Array, true)
#2 /Users/matheusgomes/Downloads/XAMPP/xamppfiles/htdocs/food/app/Controllers/Testes.php(11): view('Testes/index')
#3 /Users/matheusgomes/Downloads/XAMPP/xamppfiles/htdocs/food/system/CodeIgniter.php(832): App\Controllers\Testes->index()
#4 /Users/matheusgomes/Downloads/XAMPP/xamppfiles/htdocs/food/system/CodeIgniter.php(419): CodeIgniter\CodeIgniter->runController(Object(App\Controllers\Testes))
#5 /Users/matheusgomes/Downloads/XAMPP/xamppfiles/htdocs/food/system/CodeIgniter.php(326): CodeIgniter\CodeIgniter->handleRequest(NULL, Object(Config\Cache), false)
#6 /Users/matheusgomes/Downloads/XAMPP/xamppfiles/htdocs/food/public/index.php(37): CodeIgniter\CodeIgniter->run()
#7 /Users/matheusgomes/Downloads/XAMPP/xamppfiles/htdocs/food/system/Commands/Server/rewrite.php(43): require_once('/Users/matheusg...')
#8 {main}
CRITICAL - 2022-05-11 13:49:45 --> Invalid file: Testes/index.php
#0 /Users/matheusgomes/Downloads/XAMPP/xamppfiles/htdocs/food/system/View/View.php(198): CodeIgniter\Exceptions\FrameworkException::forInvalidFile('Testes/index.ph...')
#1 /Users/matheusgomes/Downloads/XAMPP/xamppfiles/htdocs/food/system/Common.php(1089): CodeIgniter\View\View->render('Testes/index', Array, true)
#2 /Users/matheusgomes/Downloads/XAMPP/xamppfiles/htdocs/food/app/Controllers/Testes.php(11): view('Testes/index')
#3 /Users/matheusgomes/Downloads/XAMPP/xamppfiles/htdocs/food/system/CodeIgniter.php(832): App\Controllers\Testes->index()
#4 /Users/matheusgomes/Downloads/XAMPP/xamppfiles/htdocs/food/system/CodeIgniter.php(419): CodeIgniter\CodeIgniter->runController(Object(App\Controllers\Testes))
#5 /Users/matheusgomes/Downloads/XAMPP/xamppfiles/htdocs/food/system/CodeIgniter.php(326): CodeIgniter\CodeIgniter->handleRequest(NULL, Object(Config\Cache), false)
#6 /Users/matheusgomes/Downloads/XAMPP/xamppfiles/htdocs/food/public/index.php(37): CodeIgniter\CodeIgniter->run()
#7 /Users/matheusgomes/Downloads/XAMPP/xamppfiles/htdocs/food/system/Commands/Server/rewrite.php(43): require_once('/Users/matheusg...')
#8 {main}
CRITICAL - 2022-05-11 13:50:37 --> Invalid file: testes/index.php
#0 /Users/matheusgomes/Downloads/XAMPP/xamppfiles/htdocs/food/system/View/View.php(198): CodeIgniter\Exceptions\FrameworkException::forInvalidFile('testes/index.ph...')
#1 /Users/matheusgomes/Downloads/XAMPP/xamppfiles/htdocs/food/system/Common.php(1089): CodeIgniter\View\View->render('testes/index', Array, true)
#2 /Users/matheusgomes/Downloads/XAMPP/xamppfiles/htdocs/food/app/Controllers/Testes.php(11): view('testes/index')
#3 /Users/matheusgomes/Downloads/XAMPP/xamppfiles/htdocs/food/system/CodeIgniter.php(832): App\Controllers\Testes->index()
#4 /Users/matheusgomes/Downloads/XAMPP/xamppfiles/htdocs/food/system/CodeIgniter.php(419): CodeIgniter\CodeIgniter->runController(Object(App\Controllers\Testes))
#5 /Users/matheusgomes/Downloads/XAMPP/xamppfiles/htdocs/food/system/CodeIgniter.php(326): CodeIgniter\CodeIgniter->handleRequest(NULL, Object(Config\Cache), false)
#6 /Users/matheusgomes/Downloads/XAMPP/xamppfiles/htdocs/food/public/index.php(37): CodeIgniter\CodeIgniter->run()
#7 /Users/matheusgomes/Downloads/XAMPP/xamppfiles/htdocs/food/system/Commands/Server/rewrite.php(43): require_once('/Users/matheusg...')
#8 {main}
CRITICAL - 2022-05-11 13:50:38 --> Invalid file: testes/index.php
#0 /Users/matheusgomes/Downloads/XAMPP/xamppfiles/htdocs/food/system/View/View.php(198): CodeIgniter\Exceptions\FrameworkException::forInvalidFile('testes/index.ph...')
#1 /Users/matheusgomes/Downloads/XAMPP/xamppfiles/htdocs/food/system/Common.php(1089): CodeIgniter\View\View->render('testes/index', Array, true)
#2 /Users/matheusgomes/Downloads/XAMPP/xamppfiles/htdocs/food/app/Controllers/Testes.php(11): view('testes/index')
#3 /Users/matheusgomes/Downloads/XAMPP/xamppfiles/htdocs/food/system/CodeIgniter.php(832): App\Controllers\Testes->index()
#4 /Users/matheusgomes/Downloads/XAMPP/xamppfiles/htdocs/food/system/CodeIgniter.php(419): CodeIgniter\CodeIgniter->runController(Object(App\Controllers\Testes))
#5 /Users/matheusgomes/Downloads/XAMPP/xamppfiles/htdocs/food/system/CodeIgniter.php(326): CodeIgniter\CodeIgniter->handleRequest(NULL, Object(Config\Cache), false)
#6 /Users/matheusgomes/Downloads/XAMPP/xamppfiles/htdocs/food/public/index.php(37): CodeIgniter\CodeIgniter->run()
#7 /Users/matheusgomes/Downloads/XAMPP/xamppfiles/htdocs/food/system/Commands/Server/rewrite.php(43): require_once('/Users/matheusg...')
#8 {main}
CRITICAL - 2022-05-11 13:52:51 --> Invalid file: Testes/index.php
#0 /Users/matheusgomes/Downloads/XAMPP/xamppfiles/htdocs/food/system/View/View.php(198): CodeIgniter\Exceptions\FrameworkException::forInvalidFile('Testes/index.ph...')
#1 /Users/matheusgomes/Downloads/XAMPP/xamppfiles/htdocs/food/system/Common.php(1089): CodeIgniter\View\View->render('Testes/index', Array, true)
#2 /Users/matheusgomes/Downloads/XAMPP/xamppfiles/htdocs/food/app/Controllers/Testes.php(11): view('Testes/index')
#3 /Users/matheusgomes/Downloads/XAMPP/xamppfiles/htdocs/food/system/CodeIgniter.php(832): App\Controllers\Testes->index()
#4 /Users/matheusgomes/Downloads/XAMPP/xamppfiles/htdocs/food/system/CodeIgniter.php(419): CodeIgniter\CodeIgniter->runController(Object(App\Controllers\Testes))
#5 /Users/matheusgomes/Downloads/XAMPP/xamppfiles/htdocs/food/system/CodeIgniter.php(326): CodeIgniter\CodeIgniter->handleRequest(NULL, Object(Config\Cache), false)
#6 /Users/matheusgomes/Downloads/XAMPP/xamppfiles/htdocs/food/public/index.php(37): CodeIgniter\CodeIgniter->run()
#7 /Users/matheusgomes/Downloads/XAMPP/xamppfiles/htdocs/food/system/Commands/Server/rewrite.php(43): require_once('/Users/matheusg...')
#8 {main}
CRITICAL - 2022-05-11 13:52:59 --> Invalid file: Testes/index.php
#0 /Users/matheusgomes/Downloads/XAMPP/xamppfiles/htdocs/food/system/View/View.php(198): CodeIgniter\Exceptions\FrameworkException::forInvalidFile('Testes/index.ph...')
#1 /Users/matheusgomes/Downloads/XAMPP/xamppfiles/htdocs/food/system/Common.php(1089): CodeIgniter\View\View->render('Testes/index', Array, true)
#2 /Users/matheusgomes/Downloads/XAMPP/xamppfiles/htdocs/food/app/Controllers/Testes.php(11): view('Testes/index')
#3 /Users/matheusgomes/Downloads/XAMPP/xamppfiles/htdocs/food/system/CodeIgniter.php(832): App\Controllers\Testes->index()
#4 /Users/matheusgomes/Downloads/XAMPP/xamppfiles/htdocs/food/system/CodeIgniter.php(419): CodeIgniter\CodeIgniter->runController(Object(App\Controllers\Testes))
#5 /Users/matheusgomes/Downloads/XAMPP/xamppfiles/htdocs/food/system/CodeIgniter.php(326): CodeIgniter\CodeIgniter->handleRequest(NULL, Object(Config\Cache), false)
#6 /Users/matheusgomes/Downloads/XAMPP/xamppfiles/htdocs/food/public/index.php(37): CodeIgniter\CodeIgniter->run()
#7 /Users/matheusgomes/Downloads/XAMPP/xamppfiles/htdocs/food/system/Commands/Server/rewrite.php(43): require_once('/Users/matheusg...')
#8 {main}
CRITICAL - 2022-05-11 13:53:00 --> Invalid file: Testes/index.php
#0 /Users/matheusgomes/Downloads/XAMPP/xamppfiles/htdocs/food/system/View/View.php(198): CodeIgniter\Exceptions\FrameworkException::forInvalidFile('Testes/index.ph...')
#1 /Users/matheusgomes/Downloads/XAMPP/xamppfiles/htdocs/food/system/Common.php(1089): CodeIgniter\View\View->render('Testes/index', Array, true)
#2 /Users/matheusgomes/Downloads/XAMPP/xamppfiles/htdocs/food/app/Controllers/Testes.php(11): view('Testes/index')
#3 /Users/matheusgomes/Downloads/XAMPP/xamppfiles/htdocs/food/system/CodeIgniter.php(832): App\Controllers\Testes->index()
#4 /Users/matheusgomes/Downloads/XAMPP/xamppfiles/htdocs/food/system/CodeIgniter.php(419): CodeIgniter\CodeIgniter->runController(Object(App\Controllers\Testes))
#5 /Users/matheusgomes/Downloads/XAMPP/xamppfiles/htdocs/food/system/CodeIgniter.php(326): CodeIgniter\CodeIgniter->handleRequest(NULL, Object(Config\Cache), false)
#6 /Users/matheusgomes/Downloads/XAMPP/xamppfiles/htdocs/food/public/index.php(37): CodeIgniter\CodeIgniter->run()
#7 /Users/matheusgomes/Downloads/XAMPP/xamppfiles/htdocs/food/system/Commands/Server/rewrite.php(43): require_once('/Users/matheusg...')
#8 {main}
CRITICAL - 2022-05-11 13:53:13 --> Invalid file: Testes/index.php
#0 /Users/matheusgomes/Downloads/XAMPP/xamppfiles/htdocs/food/system/View/View.php(198): CodeIgniter\Exceptions\FrameworkException::forInvalidFile('Testes/index.ph...')
#1 /Users/matheusgomes/Downloads/XAMPP/xamppfiles/htdocs/food/system/Common.php(1089): CodeIgniter\View\View->render('Testes/index', Array, true)
#2 /Users/matheusgomes/Downloads/XAMPP/xamppfiles/htdocs/food/app/Controllers/Testes.php(11): view('Testes/index')
#3 /Users/matheusgomes/Downloads/XAMPP/xamppfiles/htdocs/food/system/CodeIgniter.php(832): App\Controllers\Testes->index()
#4 /Users/matheusgomes/Downloads/XAMPP/xamppfiles/htdocs/food/system/CodeIgniter.php(419): CodeIgniter\CodeIgniter->runController(Object(App\Controllers\Testes))
#5 /Users/matheusgomes/Downloads/XAMPP/xamppfiles/htdocs/food/system/CodeIgniter.php(326): CodeIgniter\CodeIgniter->handleRequest(NULL, Object(Config\Cache), false)
#6 /Users/matheusgomes/Downloads/XAMPP/xamppfiles/htdocs/food/public/index.php(37): CodeIgniter\CodeIgniter->run()
#7 /Users/matheusgomes/Downloads/XAMPP/xamppfiles/htdocs/food/system/Commands/Server/rewrite.php(43): require_once('/Users/matheusg...')
#8 {main}
CRITICAL - 2022-05-11 13:59:35 --> Invalid file: Testes/index.php
#0 /Users/matheusgomes/Downloads/XAMPP/xamppfiles/htdocs/food/system/View/View.php(198): CodeIgniter\Exceptions\FrameworkException::forInvalidFile('Testes/index.ph...')
#1 /Users/matheusgomes/Downloads/XAMPP/xamppfiles/htdocs/food/system/Common.php(1089): CodeIgniter\View\View->render('Testes/index', Array, true)
#2 /Users/matheusgomes/Downloads/XAMPP/xamppfiles/htdocs/food/app/Controllers/Testes.php(11): view('Testes/index')
#3 /Users/matheusgomes/Downloads/XAMPP/xamppfiles/htdocs/food/system/CodeIgniter.php(832): App\Controllers\Testes->index()
#4 /Users/matheusgomes/Downloads/XAMPP/xamppfiles/htdocs/food/system/CodeIgniter.php(419): CodeIgniter\CodeIgniter->runController(Object(App\Controllers\Testes))
#5 /Users/matheusgomes/Downloads/XAMPP/xamppfiles/htdocs/food/system/CodeIgniter.php(326): CodeIgniter\CodeIgniter->handleRequest(NULL, Object(Config\Cache), false)
#6 /Users/matheusgomes/Downloads/XAMPP/xamppfiles/htdocs/food/public/index.php(37): CodeIgniter\CodeIgniter->run()
#7 /Users/matheusgomes/Downloads/XAMPP/xamppfiles/htdocs/food/system/Commands/Server/rewrite.php(43): require_once('/Users/matheusg...')
#8 {main}
CRITICAL - 2022-05-11 14:05:27 --> Undefined variable: titulo
#0 /Users/matheusgomes/Downloads/XAMPP/xamppfiles/htdocs/food/app/Views/Testes/view.php(1): CodeIgniter\Debug\Exceptions->errorHandler(8, 'Undefined varia...', '/Users/matheusg...', 1, Array)
#1 /Users/matheusgomes/Downloads/XAMPP/xamppfiles/htdocs/food/system/View/View.php(210): include('/Users/matheusg...')
#2 /Users/matheusgomes/Downloads/XAMPP/xamppfiles/htdocs/food/system/View/View.php(213): CodeIgniter\View\View->CodeIgniter\View\{closure}()
#3 /Users/matheusgomes/Downloads/XAMPP/xamppfiles/htdocs/food/system/Common.php(1089): CodeIgniter\View\View->render('Testes/view', Array, true)
#4 /Users/matheusgomes/Downloads/XAMPP/xamppfiles/htdocs/food/app/Controllers/Testes.php(16): view('Testes/view')
#5 /Users/matheusgomes/Downloads/XAMPP/xamppfiles/htdocs/food/system/CodeIgniter.php(832): App\Controllers\Testes->index()
#6 /Users/matheusgomes/Downloads/XAMPP/xamppfiles/htdocs/food/system/CodeIgniter.php(419): CodeIgniter\CodeIgniter->runController(Object(App\Controllers\Testes))
#7 /Users/matheusgomes/Downloads/XAMPP/xamppfiles/htdocs/food/system/CodeIgniter.php(326): CodeIgniter\CodeIgniter->handleRequest(NULL, Object(Config\Cache), false)
#8 /Users/matheusgomes/Downloads/XAMPP/xamppfiles/htdocs/food/public/index.php(37): CodeIgniter\CodeIgniter->run()
#9 /Users/matheusgomes/Downloads/XAMPP/xamppfiles/htdocs/food/system/Commands/Server/rewrite.php(43): require_once('/Users/matheusg...')
#10 {main}
ERROR - 2022-05-11 17:21:45 --> Error connecting to the database: No such file or directory
ERROR - 2022-05-11 17:22:05 --> Error connecting to the database: No such file or directory
ERROR - 2022-05-11 17:22:14 --> Error connecting to the database: No such file or directory
ERROR - 2022-05-11 17:22:16 --> Error connecting to the database: No such file or directory
ERROR - 2022-05-11 17:22:27 --> Error connecting to the database: No such file or directory
ERROR - 2022-05-11 17:23:02 --> Error connecting to the database: No such file or directory
ERROR - 2022-05-11 17:23:50 --> Error connecting to the database: No such file or directory
ERROR - 2022-05-11 17:25:01 --> Error connecting to the database: No such file or directory
ERROR - 2022-05-11 17:25:15 --> Error connecting to the database: No such file or directory
ERROR - 2022-05-11 17:26:36 --> Error connecting to the database: No such file or directory
ERROR - 2022-05-11 17:27:56 --> Error connecting to the database: No such file or directory
ERROR - 2022-05-11 17:28:44 --> Error connecting to the database: No such file or directory
ERROR - 2022-05-11 17:33:33 --> Error connecting to the database: No such file or directory
CRITICAL - 2022-05-11 20:53:15 --> Call to undefined method CodeIgniter\View\View::extends()
#0 /Users/matheusgomes/Downloads/XAMPP/xamppfiles/htdocs/food/system/View/View.php(210): include()
#1 /Users/matheusgomes/Downloads/XAMPP/xamppfiles/htdocs/food/system/View/View.php(213): CodeIgniter\View\View->CodeIgniter\View\{closure}()
#2 /Users/matheusgomes/Downloads/XAMPP/xamppfiles/htdocs/food/system/Common.php(1089): CodeIgniter\View\View->render('Admin/Home/inde...', Array, true)
#3 /Users/matheusgomes/Downloads/XAMPP/xamppfiles/htdocs/food/app/Controllers/Admin/Home.php(15): view('Admin/Home/inde...', Array)
#4 /Users/matheusgomes/Downloads/XAMPP/xamppfiles/htdocs/food/system/CodeIgniter.php(832): App\Controllers\Admin\Home->index()
#5 /Users/matheusgomes/Downloads/XAMPP/xamppfiles/htdocs/food/system/CodeIgniter.php(419): CodeIgniter\CodeIgniter->runController(Object(App\Controllers\Admin\Home))
#6 /Users/matheusgomes/Downloads/XAMPP/xamppfiles/htdocs/food/system/CodeIgniter.php(326): CodeIgniter\CodeIgniter->handleRequest(NULL, Object(Config\Cache), false)
#7 /Users/matheusgomes/Downloads/XAMPP/xamppfiles/htdocs/food/public/index.php(37): CodeIgniter\CodeIgniter->run()
#8 /Users/matheusgomes/Downloads/XAMPP/xamppfiles/htdocs/food/system/Commands/Server/rewrite.php(43): require_once('/Users/matheusg...')
#9 {main}
CRITICAL - 2022-05-11 20:59:42 --> Call to undefined method CodeIgniter\View\View::extends()
#0 /Users/matheusgomes/Downloads/XAMPP/xamppfiles/htdocs/food/system/View/View.php(210): include()
#1 /Users/matheusgomes/Downloads/XAMPP/xamppfiles/htdocs/food/system/View/View.php(213): CodeIgniter\View\View->CodeIgniter\View\{closure}()
#2 /Users/matheusgomes/Downloads/XAMPP/xamppfiles/htdocs/food/system/Common.php(1089): CodeIgniter\View\View->render('Admin/Home/inde...', Array, true)
#3 /Users/matheusgomes/Downloads/XAMPP/xamppfiles/htdocs/food/app/Controllers/Admin/Home.php(15): view('Admin/Home/inde...', Array)
#4 /Users/matheusgomes/Downloads/XAMPP/xamppfiles/htdocs/food/system/CodeIgniter.php(832): App\Controllers\Admin\Home->index()
#5 /Users/matheusgomes/Downloads/XAMPP/xamppfiles/htdocs/food/system/CodeIgniter.php(419): CodeIgniter\CodeIgniter->runController(Object(App\Controllers\Admin\Home))
#6 /Users/matheusgomes/Downloads/XAMPP/xamppfiles/htdocs/food/system/CodeIgniter.php(326): CodeIgniter\CodeIgniter->handleRequest(NULL, Object(Config\Cache), false)
#7 /Users/matheusgomes/Downloads/XAMPP/xamppfiles/htdocs/food/public/index.php(37): CodeIgniter\CodeIgniter->run()
#8 /Users/matheusgomes/Downloads/XAMPP/xamppfiles/htdocs/food/system/Commands/Server/rewrite.php(43): require_once('/Users/matheusg...')
#9 {main}
CRITICAL - 2022-05-11 21:00:12 --> Call to undefined method CodeIgniter\View\View::extends()
#0 /Users/matheusgomes/Downloads/XAMPP/xamppfiles/htdocs/food/system/View/View.php(210): include()
#1 /Users/matheusgomes/Downloads/XAMPP/xamppfiles/htdocs/food/system/View/View.php(213): CodeIgniter\View\View->CodeIgniter\View\{closure}()
#2 /Users/matheusgomes/Downloads/XAMPP/xamppfiles/htdocs/food/system/Common.php(1089): CodeIgniter\View\View->render('Admin/Home/inde...', Array, true)
#3 /Users/matheusgomes/Downloads/XAMPP/xamppfiles/htdocs/food/app/Controllers/Admin/Home.php(15): view('Admin/Home/inde...', Array)
#4 /Users/matheusgomes/Downloads/XAMPP/xamppfiles/htdocs/food/system/CodeIgniter.php(832): App\Controllers\Admin\Home->index()
#5 /Users/matheusgomes/Downloads/XAMPP/xamppfiles/htdocs/food/system/CodeIgniter.php(419): CodeIgniter\CodeIgniter->runController(Object(App\Controllers\Admin\Home))
#6 /Users/matheusgomes/Downloads/XAMPP/xamppfiles/htdocs/food/system/CodeIgniter.php(326): CodeIgniter\CodeIgniter->handleRequest(NULL, Object(Config\Cache), false)
#7 /Users/matheusgomes/Downloads/XAMPP/xamppfiles/htdocs/food/public/index.php(37): CodeIgniter\CodeIgniter->run()
#8 /Users/matheusgomes/Downloads/XAMPP/xamppfiles/htdocs/food/system/Commands/Server/rewrite.php(43): require_once('/Users/matheusg...')
#9 {main}
CRITICAL - 2022-05-11 21:00:15 --> Call to undefined method CodeIgniter\View\View::extends()
#0 /Users/matheusgomes/Downloads/XAMPP/xamppfiles/htdocs/food/system/View/View.php(210): include()
#1 /Users/matheusgomes/Downloads/XAMPP/xamppfiles/htdocs/food/system/View/View.php(213): CodeIgniter\View\View->CodeIgniter\View\{closure}()
#2 /Users/matheusgomes/Downloads/XAMPP/xamppfiles/htdocs/food/system/Common.php(1089): CodeIgniter\View\View->render('Admin/Home/inde...', Array, true)
#3 /Users/matheusgomes/Downloads/XAMPP/xamppfiles/htdocs/food/app/Controllers/Admin/Home.php(15): view('Admin/Home/inde...', Array)
#4 /Users/matheusgomes/Downloads/XAMPP/xamppfiles/htdocs/food/system/CodeIgniter.php(832): App\Controllers\Admin\Home->index()
#5 /Users/matheusgomes/Downloads/XAMPP/xamppfiles/htdocs/food/system/CodeIgniter.php(419): CodeIgniter\CodeIgniter->runController(Object(App\Controllers\Admin\Home))
#6 /Users/matheusgomes/Downloads/XAMPP/xamppfiles/htdocs/food/system/CodeIgniter.php(326): CodeIgniter\CodeIgniter->handleRequest(NULL, Object(Config\Cache), false)
#7 /Users/matheusgomes/Downloads/XAMPP/xamppfiles/htdocs/food/public/index.php(37): CodeIgniter\CodeIgniter->run()
#8 /Users/matheusgomes/Downloads/XAMPP/xamppfiles/htdocs/food/system/Commands/Server/rewrite.php(43): require_once('/Users/matheusg...')
#9 {main}
CRITICAL - 2022-05-11 21:00:58 --> Call to undefined method CodeIgniter\View\View::extends()
#0 /Users/matheusgomes/Downloads/XAMPP/xamppfiles/htdocs/food/system/View/View.php(210): include()
#1 /Users/matheusgomes/Downloads/XAMPP/xamppfiles/htdocs/food/system/View/View.php(213): CodeIgniter\View\View->CodeIgniter\View\{closure}()
#2 /Users/matheusgomes/Downloads/XAMPP/xamppfiles/htdocs/food/system/Common.php(1089): CodeIgniter\View\View->render('Admin/Home/inde...', Array, true)
#3 /Users/matheusgomes/Downloads/XAMPP/xamppfiles/htdocs/food/app/Controllers/Admin/Home.php(15): view('Admin/Home/inde...', Array)
#4 /Users/matheusgomes/Downloads/XAMPP/xamppfiles/htdocs/food/system/CodeIgniter.php(832): App\Controllers\Admin\Home->index()
#5 /Users/matheusgomes/Downloads/XAMPP/xamppfiles/htdocs/food/system/CodeIgniter.php(419): CodeIgniter\CodeIgniter->runController(Object(App\Controllers\Admin\Home))
#6 /Users/matheusgomes/Downloads/XAMPP/xamppfiles/htdocs/food/system/CodeIgniter.php(326): CodeIgniter\CodeIgniter->handleRequest(NULL, Object(Config\Cache), false)
#7 /Users/matheusgomes/Downloads/XAMPP/xamppfiles/htdocs/food/public/index.php(37): CodeIgniter\CodeIgniter->run()
#8 /Users/matheusgomes/Downloads/XAMPP/xamppfiles/htdocs/food/system/Commands/Server/rewrite.php(43): require_once('/Users/matheusg...')
#9 {main}
CRITICAL - 2022-05-11 21:00:59 --> Call to undefined method CodeIgniter\View\View::extends()
#0 /Users/matheusgomes/Downloads/XAMPP/xamppfiles/htdocs/food/system/View/View.php(210): include()
#1 /Users/matheusgomes/Downloads/XAMPP/xamppfiles/htdocs/food/system/View/View.php(213): CodeIgniter\View\View->CodeIgniter\View\{closure}()
#2 /Users/matheusgomes/Downloads/XAMPP/xamppfiles/htdocs/food/system/Common.php(1089): CodeIgniter\View\View->render('Admin/Home/inde...', Array, true)
#3 /Users/matheusgomes/Downloads/XAMPP/xamppfiles/htdocs/food/app/Controllers/Admin/Home.php(15): view('Admin/Home/inde...', Array)
#4 /Users/matheusgomes/Downloads/XAMPP/xamppfiles/htdocs/food/system/CodeIgniter.php(832): App\Controllers\Admin\Home->index()
#5 /Users/matheusgomes/Downloads/XAMPP/xamppfiles/htdocs/food/system/CodeIgniter.php(419): CodeIgniter\CodeIgniter->runController(Object(App\Controllers\Admin\Home))
#6 /Users/matheusgomes/Downloads/XAMPP/xamppfiles/htdocs/food/system/CodeIgniter.php(326): CodeIgniter\CodeIgniter->handleRequest(NULL, Object(Config\Cache), false)
#7 /Users/matheusgomes/Downloads/XAMPP/xamppfiles/htdocs/food/public/index.php(37): CodeIgniter\CodeIgniter->run()
#8 /Users/matheusgomes/Downloads/XAMPP/xamppfiles/htdocs/food/system/Commands/Server/rewrite.php(43): require_once('/Users/matheusg...')
#9 {main}
CRITICAL - 2022-05-11 21:02:54 --> Call to undefined method CodeIgniter\View\View::extends()
#0 /Users/matheusgomes/Downloads/XAMPP/xamppfiles/htdocs/food/system/View/View.php(210): include()
#1 /Users/matheusgomes/Downloads/XAMPP/xamppfiles/htdocs/food/system/View/View.php(213): CodeIgniter\View\View->CodeIgniter\View\{closure}()
#2 /Users/matheusgomes/Downloads/XAMPP/xamppfiles/htdocs/food/system/Common.php(1089): CodeIgniter\View\View->render('Admin/Home/inde...', Array, true)
#3 /Users/matheusgomes/Downloads/XAMPP/xamppfiles/htdocs/food/app/Controllers/Admin/Home.php(15): view('Admin/Home/inde...', Array)
#4 /Users/matheusgomes/Downloads/XAMPP/xamppfiles/htdocs/food/system/CodeIgniter.php(832): App\Controllers\Admin\Home->index()
#5 /Users/matheusgomes/Downloads/XAMPP/xamppfiles/htdocs/food/system/CodeIgniter.php(419): CodeIgniter\CodeIgniter->runController(Object(App\Controllers\Admin\Home))
#6 /Users/matheusgomes/Downloads/XAMPP/xamppfiles/htdocs/food/system/CodeIgniter.php(326): CodeIgniter\CodeIgniter->handleRequest(NULL, Object(Config\Cache), false)
#7 /Users/matheusgomes/Downloads/XAMPP/xamppfiles/htdocs/food/public/index.php(37): CodeIgniter\CodeIgniter->run()
#8 /Users/matheusgomes/Downloads/XAMPP/xamppfiles/htdocs/food/system/Commands/Server/rewrite.php(43): require_once('/Users/matheusg...')
#9 {main}
CRITICAL - 2022-05-11 21:02:55 --> Call to undefined method CodeIgniter\View\View::extends()
#0 /Users/matheusgomes/Downloads/XAMPP/xamppfiles/htdocs/food/system/View/View.php(210): include()
#1 /Users/matheusgomes/Downloads/XAMPP/xamppfiles/htdocs/food/system/View/View.php(213): CodeIgniter\View\View->CodeIgniter\View\{closure}()
#2 /Users/matheusgomes/Downloads/XAMPP/xamppfiles/htdocs/food/system/Common.php(1089): CodeIgniter\View\View->render('Admin/Home/inde...', Array, true)
#3 /Users/matheusgomes/Downloads/XAMPP/xamppfiles/htdocs/food/app/Controllers/Admin/Home.php(15): view('Admin/Home/inde...', Array)
#4 /Users/matheusgomes/Downloads/XAMPP/xamppfiles/htdocs/food/system/CodeIgniter.php(832): App\Controllers\Admin\Home->index()
#5 /Users/matheusgomes/Downloads/XAMPP/xamppfiles/htdocs/food/system/CodeIgniter.php(419): CodeIgniter\CodeIgniter->runController(Object(App\Controllers\Admin\Home))
#6 /Users/matheusgomes/Downloads/XAMPP/xamppfiles/htdocs/food/system/CodeIgniter.php(326): CodeIgniter\CodeIgniter->handleRequest(NULL, Object(Config\Cache), false)
#7 /Users/matheusgomes/Downloads/XAMPP/xamppfiles/htdocs/food/public/index.php(37): CodeIgniter\CodeIgniter->run()
#8 /Users/matheusgomes/Downloads/XAMPP/xamppfiles/htdocs/food/system/Commands/Server/rewrite.php(43): require_once('/Users/matheusg...')
#9 {main}
CRITICAL - 2022-05-11 21:03:27 --> Call to undefined method CodeIgniter\View\View::extends()
#0 /Users/matheusgomes/Downloads/XAMPP/xamppfiles/htdocs/food/system/View/View.php(210): include()
#1 /Users/matheusgomes/Downloads/XAMPP/xamppfiles/htdocs/food/system/View/View.php(213): CodeIgniter\View\View->CodeIgniter\View\{closure}()
#2 /Users/matheusgomes/Downloads/XAMPP/xamppfiles/htdocs/food/system/Common.php(1089): CodeIgniter\View\View->render('Admin/Home/inde...', Array, true)
#3 /Users/matheusgomes/Downloads/XAMPP/xamppfiles/htdocs/food/app/Controllers/Admin/Home.php(15): view('Admin/Home/inde...', Array)
#4 /Users/matheusgomes/Downloads/XAMPP/xamppfiles/htdocs/food/system/CodeIgniter.php(832): App\Controllers\Admin\Home->index()
#5 /Users/matheusgomes/Downloads/XAMPP/xamppfiles/htdocs/food/system/CodeIgniter.php(419): CodeIgniter\CodeIgniter->runController(Object(App\Controllers\Admin\Home))
#6 /Users/matheusgomes/Downloads/XAMPP/xamppfiles/htdocs/food/system/CodeIgniter.php(326): CodeIgniter\CodeIgniter->handleRequest(NULL, Object(Config\Cache), false)
#7 /Users/matheusgomes/Downloads/XAMPP/xamppfiles/htdocs/food/public/index.php(37): CodeIgniter\CodeIgniter->run()
#8 /Users/matheusgomes/Downloads/XAMPP/xamppfiles/htdocs/food/system/Commands/Server/rewrite.php(43): require_once('/Users/matheusg...')
#9 {main}
ERROR - 2022-05-11 22:09:29 --> Unknown column 'usuarios.deleted_at' in 'where clause'
CRITICAL - 2022-05-11 22:09:29 --> Unknown column 'usuarios.deleted_at' in 'where clause'
#0 /Users/matheusgomes/Downloads/XAMPP/xamppfiles/htdocs/food/system/Database/MySQLi/Connection.php(292): mysqli->query('SELECT *\nFROM `...', 0)
#1 /Users/matheusgomes/Downloads/XAMPP/xamppfiles/htdocs/food/system/Database/BaseConnection.php(670): CodeIgniter\Database\MySQLi\Connection->execute('SELECT *\nFROM `...')
#2 /Users/matheusgomes/Downloads/XAMPP/xamppfiles/htdocs/food/system/Database/BaseConnection.php(598): CodeIgniter\Database\BaseConnection->simpleQuery('SELECT *\nFROM `...')
#3 /Users/matheusgomes/Downloads/XAMPP/xamppfiles/htdocs/food/system/Database/BaseBuilder.php(1455): CodeIgniter\Database\BaseConnection->query('SELECT *\nFROM `...', Array, false)
#4 /Users/matheusgomes/Downloads/XAMPP/xamppfiles/htdocs/food/system/Model.php(183): CodeIgniter\Database\BaseBuilder->get()
#5 /Users/matheusgomes/Downloads/XAMPP/xamppfiles/htdocs/food/system/BaseModel.php(584): CodeIgniter\Model->doFindAll(0, 0)
#6 /Users/matheusgomes/Downloads/XAMPP/xamppfiles/htdocs/food/app/Controllers/Admin/Usuarios.php(19): CodeIgniter\BaseModel->findAll()
#7 /Users/matheusgomes/Downloads/XAMPP/xamppfiles/htdocs/food/system/CodeIgniter.php(832): App\Controllers\Admin\Usuarios->index()
#8 /Users/matheusgomes/Downloads/XAMPP/xamppfiles/htdocs/food/system/CodeIgniter.php(419): CodeIgniter\CodeIgniter->runController(Object(App\Controllers\Admin\Usuarios))
#9 /Users/matheusgomes/Downloads/XAMPP/xamppfiles/htdocs/food/system/CodeIgniter.php(326): CodeIgniter\CodeIgniter->handleRequest(NULL, Object(Config\Cache), false)
#10 /Users/matheusgomes/Downloads/XAMPP/xamppfiles/htdocs/food/public/index.php(37): CodeIgniter\CodeIgniter->run()
#11 /Users/matheusgomes/Downloads/XAMPP/xamppfiles/htdocs/food/system/Commands/Server/rewrite.php(43): require_once('/Users/matheusg...')
#12 {main}
ERROR - 2022-05-11 22:10:21 --> Unknown column 'usuarios.deleted_at' in 'where clause'
CRITICAL - 2022-05-11 22:10:21 --> Unknown column 'usuarios.deleted_at' in 'where clause'
#0 /Users/matheusgomes/Downloads/XAMPP/xamppfiles/htdocs/food/system/Database/MySQLi/Connection.php(292): mysqli->query('SELECT *\nFROM `...', 0)
#1 /Users/matheusgomes/Downloads/XAMPP/xamppfiles/htdocs/food/system/Database/BaseConnection.php(670): CodeIgniter\Database\MySQLi\Connection->execute('SELECT *\nFROM `...')
#2 /Users/matheusgomes/Downloads/XAMPP/xamppfiles/htdocs/food/system/Database/BaseConnection.php(598): CodeIgniter\Database\BaseConnection->simpleQuery('SELECT *\nFROM `...')
#3 /Users/matheusgomes/Downloads/XAMPP/xamppfiles/htdocs/food/system/Database/BaseBuilder.php(1455): CodeIgniter\Database\BaseConnection->query('SELECT *\nFROM `...', Array, false)
#4 /Users/matheusgomes/Downloads/XAMPP/xamppfiles/htdocs/food/system/Model.php(183): CodeIgniter\Database\BaseBuilder->get()
#5 /Users/matheusgomes/Downloads/XAMPP/xamppfiles/htdocs/food/system/BaseModel.php(584): CodeIgniter\Model->doFindAll(0, 0)
#6 /Users/matheusgomes/Downloads/XAMPP/xamppfiles/htdocs/food/app/Controllers/Admin/Usuarios.php(19): CodeIgniter\BaseModel->findAll()
#7 /Users/matheusgomes/Downloads/XAMPP/xamppfiles/htdocs/food/system/CodeIgniter.php(832): App\Controllers\Admin\Usuarios->index()
#8 /Users/matheusgomes/Downloads/XAMPP/xamppfiles/htdocs/food/system/CodeIgniter.php(419): CodeIgniter\CodeIgniter->runController(Object(App\Controllers\Admin\Usuarios))
#9 /Users/matheusgomes/Downloads/XAMPP/xamppfiles/htdocs/food/system/CodeIgniter.php(326): CodeIgniter\CodeIgniter->handleRequest(NULL, Object(Config\Cache), false)
#10 /Users/matheusgomes/Downloads/XAMPP/xamppfiles/htdocs/food/public/index.php(37): CodeIgniter\CodeIgniter->run()
#11 /Users/matheusgomes/Downloads/XAMPP/xamppfiles/htdocs/food/system/Commands/Server/rewrite.php(43): require_once('/Users/matheusg...')
#12 {main}
ERROR - 2022-05-11 22:12:58 --> Unknown column 'usuarios.deleted_at' in 'where clause'
CRITICAL - 2022-05-11 22:12:58 --> Unknown column 'usuarios.deleted_at' in 'where clause'
#0 /Users/matheusgomes/Downloads/XAMPP/xamppfiles/htdocs/food/system/Database/MySQLi/Connection.php(292): mysqli->query('SELECT *\nFROM `...', 0)
#1 /Users/matheusgomes/Downloads/XAMPP/xamppfiles/htdocs/food/system/Database/BaseConnection.php(670): CodeIgniter\Database\MySQLi\Connection->execute('SELECT *\nFROM `...')
#2 /Users/matheusgomes/Downloads/XAMPP/xamppfiles/htdocs/food/system/Database/BaseConnection.php(598): CodeIgniter\Database\BaseConnection->simpleQuery('SELECT *\nFROM `...')
#3 /Users/matheusgomes/Downloads/XAMPP/xamppfiles/htdocs/food/system/Database/BaseBuilder.php(1455): CodeIgniter\Database\BaseConnection->query('SELECT *\nFROM `...', Array, false)
#4 /Users/matheusgomes/Downloads/XAMPP/xamppfiles/htdocs/food/system/Model.php(183): CodeIgniter\Database\BaseBuilder->get()
#5 /Users/matheusgomes/Downloads/XAMPP/xamppfiles/htdocs/food/system/BaseModel.php(584): CodeIgniter\Model->doFindAll(0, 0)
#6 /Users/matheusgomes/Downloads/XAMPP/xamppfiles/htdocs/food/app/Controllers/Admin/Usuarios.php(19): CodeIgniter\BaseModel->findAll()
#7 /Users/matheusgomes/Downloads/XAMPP/xamppfiles/htdocs/food/system/CodeIgniter.php(832): App\Controllers\Admin\Usuarios->index()
#8 /Users/matheusgomes/Downloads/XAMPP/xamppfiles/htdocs/food/system/CodeIgniter.php(419): CodeIgniter\CodeIgniter->runController(Object(App\Controllers\Admin\Usuarios))
#9 /Users/matheusgomes/Downloads/XAMPP/xamppfiles/htdocs/food/system/CodeIgniter.php(326): CodeIgniter\CodeIgniter->handleRequest(NULL, Object(Config\Cache), false)
#10 /Users/matheusgomes/Downloads/XAMPP/xamppfiles/htdocs/food/public/index.php(37): CodeIgniter\CodeIgniter->run()
#11 /Users/matheusgomes/Downloads/XAMPP/xamppfiles/htdocs/food/system/Commands/Server/rewrite.php(43): require_once('/Users/matheusg...')
#12 {main}
ERROR - 2022-05-11 22:12:59 --> Unknown column 'usuarios.deleted_at' in 'where clause'
CRITICAL - 2022-05-11 22:12:59 --> Unknown column 'usuarios.deleted_at' in 'where clause'
#0 /Users/matheusgomes/Downloads/XAMPP/xamppfiles/htdocs/food/system/Database/MySQLi/Connection.php(292): mysqli->query('SELECT *\nFROM `...', 0)
#1 /Users/matheusgomes/Downloads/XAMPP/xamppfiles/htdocs/food/system/Database/BaseConnection.php(670): CodeIgniter\Database\MySQLi\Connection->execute('SELECT *\nFROM `...')
#2 /Users/matheusgomes/Downloads/XAMPP/xamppfiles/htdocs/food/system/Database/BaseConnection.php(598): CodeIgniter\Database\BaseConnection->simpleQuery('SELECT *\nFROM `...')
#3 /Users/matheusgomes/Downloads/XAMPP/xamppfiles/htdocs/food/system/Database/BaseBuilder.php(1455): CodeIgniter\Database\BaseConnection->query('SELECT *\nFROM `...', Array, false)
#4 /Users/matheusgomes/Downloads/XAMPP/xamppfiles/htdocs/food/system/Model.php(183): CodeIgniter\Database\BaseBuilder->get()
#5 /Users/matheusgomes/Downloads/XAMPP/xamppfiles/htdocs/food/system/BaseModel.php(584): CodeIgniter\Model->doFindAll(0, 0)
#6 /Users/matheusgomes/Downloads/XAMPP/xamppfiles/htdocs/food/app/Controllers/Admin/Usuarios.php(19): CodeIgniter\BaseModel->findAll()
#7 /Users/matheusgomes/Downloads/XAMPP/xamppfiles/htdocs/food/system/CodeIgniter.php(832): App\Controllers\Admin\Usuarios->index()
#8 /Users/matheusgomes/Downloads/XAMPP/xamppfiles/htdocs/food/system/CodeIgniter.php(419): CodeIgniter\CodeIgniter->runController(Object(App\Controllers\Admin\Usuarios))
#9 /Users/matheusgomes/Downloads/XAMPP/xamppfiles/htdocs/food/system/CodeIgniter.php(326): CodeIgniter\CodeIgniter->handleRequest(NULL, Object(Config\Cache), false)
#10 /Users/matheusgomes/Downloads/XAMPP/xamppfiles/htdocs/food/public/index.php(37): CodeIgniter\CodeIgniter->run()
#11 /Users/matheusgomes/Downloads/XAMPP/xamppfiles/htdocs/food/system/Commands/Server/rewrite.php(43): require_once('/Users/matheusg...')
#12 {main}
ERROR - 2022-05-11 22:12:59 --> Unknown column 'usuarios.deleted_at' in 'where clause'
CRITICAL - 2022-05-11 22:12:59 --> Unknown column 'usuarios.deleted_at' in 'where clause'
#0 /Users/matheusgomes/Downloads/XAMPP/xamppfiles/htdocs/food/system/Database/MySQLi/Connection.php(292): mysqli->query('SELECT *\nFROM `...', 0)
#1 /Users/matheusgomes/Downloads/XAMPP/xamppfiles/htdocs/food/system/Database/BaseConnection.php(670): CodeIgniter\Database\MySQLi\Connection->execute('SELECT *\nFROM `...')
#2 /Users/matheusgomes/Downloads/XAMPP/xamppfiles/htdocs/food/system/Database/BaseConnection.php(598): CodeIgniter\Database\BaseConnection->simpleQuery('SELECT *\nFROM `...')
#3 /Users/matheusgomes/Downloads/XAMPP/xamppfiles/htdocs/food/system/Database/BaseBuilder.php(1455): CodeIgniter\Database\BaseConnection->query('SELECT *\nFROM `...', Array, false)
#4 /Users/matheusgomes/Downloads/XAMPP/xamppfiles/htdocs/food/system/Model.php(183): CodeIgniter\Database\BaseBuilder->get()
#5 /Users/matheusgomes/Downloads/XAMPP/xamppfiles/htdocs/food/system/BaseModel.php(584): CodeIgniter\Model->doFindAll(0, 0)
#6 /Users/matheusgomes/Downloads/XAMPP/xamppfiles/htdocs/food/app/Controllers/Admin/Usuarios.php(19): CodeIgniter\BaseModel->findAll()
#7 /Users/matheusgomes/Downloads/XAMPP/xamppfiles/htdocs/food/system/CodeIgniter.php(832): App\Controllers\Admin\Usuarios->index()
#8 /Users/matheusgomes/Downloads/XAMPP/xamppfiles/htdocs/food/system/CodeIgniter.php(419): CodeIgniter\CodeIgniter->runController(Object(App\Controllers\Admin\Usuarios))
#9 /Users/matheusgomes/Downloads/XAMPP/xamppfiles/htdocs/food/system/CodeIgniter.php(326): CodeIgniter\CodeIgniter->handleRequest(NULL, Object(Config\Cache), false)
#10 /Users/matheusgomes/Downloads/XAMPP/xamppfiles/htdocs/food/public/index.php(37): CodeIgniter\CodeIgniter->run()
#11 /Users/matheusgomes/Downloads/XAMPP/xamppfiles/htdocs/food/system/Commands/Server/rewrite.php(43): require_once('/Users/matheusg...')
#12 {main}
ERROR - 2022-05-11 22:13:02 --> Unknown column 'usuarios.deleted_at' in 'where clause'
CRITICAL - 2022-05-11 22:13:02 --> Unknown column 'usuarios.deleted_at' in 'where clause'
#0 /Users/matheusgomes/Downloads/XAMPP/xamppfiles/htdocs/food/system/Database/MySQLi/Connection.php(292): mysqli->query('SELECT *\nFROM `...', 0)
#1 /Users/matheusgomes/Downloads/XAMPP/xamppfiles/htdocs/food/system/Database/BaseConnection.php(670): CodeIgniter\Database\MySQLi\Connection->execute('SELECT *\nFROM `...')
#2 /Users/matheusgomes/Downloads/XAMPP/xamppfiles/htdocs/food/system/Database/BaseConnection.php(598): CodeIgniter\Database\BaseConnection->simpleQuery('SELECT *\nFROM `...')
#3 /Users/matheusgomes/Downloads/XAMPP/xamppfiles/htdocs/food/system/Database/BaseBuilder.php(1455): CodeIgniter\Database\BaseConnection->query('SELECT *\nFROM `...', Array, false)
#4 /Users/matheusgomes/Downloads/XAMPP/xamppfiles/htdocs/food/system/Model.php(183): CodeIgniter\Database\BaseBuilder->get()
#5 /Users/matheusgomes/Downloads/XAMPP/xamppfiles/htdocs/food/system/BaseModel.php(584): CodeIgniter\Model->doFindAll(0, 0)
#6 /Users/matheusgomes/Downloads/XAMPP/xamppfiles/htdocs/food/app/Controllers/Admin/Usuarios.php(19): CodeIgniter\BaseModel->findAll()
#7 /Users/matheusgomes/Downloads/XAMPP/xamppfiles/htdocs/food/system/CodeIgniter.php(832): App\Controllers\Admin\Usuarios->index()
#8 /Users/matheusgomes/Downloads/XAMPP/xamppfiles/htdocs/food/system/CodeIgniter.php(419): CodeIgniter\CodeIgniter->runController(Object(App\Controllers\Admin\Usuarios))
#9 /Users/matheusgomes/Downloads/XAMPP/xamppfiles/htdocs/food/system/CodeIgniter.php(326): CodeIgniter\CodeIgniter->handleRequest(NULL, Object(Config\Cache), false)
#10 /Users/matheusgomes/Downloads/XAMPP/xamppfiles/htdocs/food/public/index.php(37): CodeIgniter\CodeIgniter->run()
#11 /Users/matheusgomes/Downloads/XAMPP/xamppfiles/htdocs/food/system/Commands/Server/rewrite.php(43): require_once('/Users/matheusg...')
#12 {main}
CRITICAL - 2022-05-11 22:15:33 --> Call to a member function findAll() on null
#0 /Users/matheusgomes/Downloads/XAMPP/xamppfiles/htdocs/food/system/CodeIgniter.php(832): App\Controllers\Admin\Usuarios->index()
#1 /Users/matheusgomes/Downloads/XAMPP/xamppfiles/htdocs/food/system/CodeIgniter.php(419): CodeIgniter\CodeIgniter->runController(Object(App\Controllers\Admin\Usuarios))
#2 /Users/matheusgomes/Downloads/XAMPP/xamppfiles/htdocs/food/system/CodeIgniter.php(326): CodeIgniter\CodeIgniter->handleRequest(NULL, Object(Config\Cache), false)
#3 /Users/matheusgomes/Downloads/XAMPP/xamppfiles/htdocs/food/public/index.php(37): CodeIgniter\CodeIgniter->run()
#4 /Users/matheusgomes/Downloads/XAMPP/xamppfiles/htdocs/food/system/Commands/Server/rewrite.php(43): require_once('/Users/matheusg...')
#5 {main}
CRITICAL - 2022-05-11 22:16:16 --> Call to a member function FindAll() on null
#0 /Users/matheusgomes/Downloads/XAMPP/xamppfiles/htdocs/food/system/CodeIgniter.php(832): App\Controllers\Admin\Usuarios->index()
#1 /Users/matheusgomes/Downloads/XAMPP/xamppfiles/htdocs/food/system/CodeIgniter.php(419): CodeIgniter\CodeIgniter->runController(Object(App\Controllers\Admin\Usuarios))
#2 /Users/matheusgomes/Downloads/XAMPP/xamppfiles/htdocs/food/system/CodeIgniter.php(326): CodeIgniter\CodeIgniter->handleRequest(NULL, Object(Config\Cache), false)
#3 /Users/matheusgomes/Downloads/XAMPP/xamppfiles/htdocs/food/public/index.php(37): CodeIgniter\CodeIgniter->run()
#4 /Users/matheusgomes/Downloads/XAMPP/xamppfiles/htdocs/food/system/Commands/Server/rewrite.php(43): require_once('/Users/matheusg...')
#5 {main}
CRITICAL - 2022-05-11 22:17:19 --> Call to a member function findAll() on null
#0 /Users/matheusgomes/Downloads/XAMPP/xamppfiles/htdocs/food/system/CodeIgniter.php(832): App\Controllers\Admin\Usuarios->index()
#1 /Users/matheusgomes/Downloads/XAMPP/xamppfiles/htdocs/food/system/CodeIgniter.php(419): CodeIgniter\CodeIgniter->runController(Object(App\Controllers\Admin\Usuarios))
#2 /Users/matheusgomes/Downloads/XAMPP/xamppfiles/htdocs/food/system/CodeIgniter.php(326): CodeIgniter\CodeIgniter->handleRequest(NULL, Object(Config\Cache), false)
#3 /Users/matheusgomes/Downloads/XAMPP/xamppfiles/htdocs/food/public/index.php(37): CodeIgniter\CodeIgniter->run()
#4 /Users/matheusgomes/Downloads/XAMPP/xamppfiles/htdocs/food/system/Commands/Server/rewrite.php(43): require_once('/Users/matheusg...')
#5 {main}
CRITICAL - 2022-05-11 22:17:20 --> Call to a member function findAll() on null
#0 /Users/matheusgomes/Downloads/XAMPP/xamppfiles/htdocs/food/system/CodeIgniter.php(832): App\Controllers\Admin\Usuarios->index()
#1 /Users/matheusgomes/Downloads/XAMPP/xamppfiles/htdocs/food/system/CodeIgniter.php(419): CodeIgniter\CodeIgniter->runController(Object(App\Controllers\Admin\Usuarios))
#2 /Users/matheusgomes/Downloads/XAMPP/xamppfiles/htdocs/food/system/CodeIgniter.php(326): CodeIgniter\CodeIgniter->handleRequest(NULL, Object(Config\Cache), false)
#3 /Users/matheusgomes/Downloads/XAMPP/xamppfiles/htdocs/food/public/index.php(37): CodeIgniter\CodeIgniter->run()
#4 /Users/matheusgomes/Downloads/XAMPP/xamppfiles/htdocs/food/system/Commands/Server/rewrite.php(43): require_once('/Users/matheusg...')
#5 {main}
CRITICAL - 2022-05-11 22:18:06 --> Call to a member function findAll() on null
#0 /Users/matheusgomes/Downloads/XAMPP/xamppfiles/htdocs/food/system/CodeIgniter.php(832): App\Controllers\Admin\Usuarios->index()
#1 /Users/matheusgomes/Downloads/XAMPP/xamppfiles/htdocs/food/system/CodeIgniter.php(419): CodeIgniter\CodeIgniter->runController(Object(App\Controllers\Admin\Usuarios))
#2 /Users/matheusgomes/Downloads/XAMPP/xamppfiles/htdocs/food/system/CodeIgniter.php(326): CodeIgniter\CodeIgniter->handleRequest(NULL, Object(Config\Cache), false)
#3 /Users/matheusgomes/Downloads/XAMPP/xamppfiles/htdocs/food/public/index.php(37): CodeIgniter\CodeIgniter->run()
#4 /Users/matheusgomes/Downloads/XAMPP/xamppfiles/htdocs/food/system/Commands/Server/rewrite.php(43): require_once('/Users/matheusg...')
#5 {main}
CRITICAL - 2022-05-11 22:18:07 --> Call to a member function findAll() on null
#0 /Users/matheusgomes/Downloads/XAMPP/xamppfiles/htdocs/food/system/CodeIgniter.php(832): App\Controllers\Admin\Usuarios->index()
#1 /Users/matheusgomes/Downloads/XAMPP/xamppfiles/htdocs/food/system/CodeIgniter.php(419): CodeIgniter\CodeIgniter->runController(Object(App\Controllers\Admin\Usuarios))
#2 /Users/matheusgomes/Downloads/XAMPP/xamppfiles/htdocs/food/system/CodeIgniter.php(326): CodeIgniter\CodeIgniter->handleRequest(NULL, Object(Config\Cache), false)
#3 /Users/matheusgomes/Downloads/XAMPP/xamppfiles/htdocs/food/public/index.php(37): CodeIgniter\CodeIgniter->run()
#4 /Users/matheusgomes/Downloads/XAMPP/xamppfiles/htdocs/food/system/Commands/Server/rewrite.php(43): require_once('/Users/matheusg...')
#5 {main}
CRITICAL - 2022-05-11 22:19:46 --> Call to a member function findAll() on null
#0 /Users/matheusgomes/Downloads/XAMPP/xamppfiles/htdocs/food/system/CodeIgniter.php(832): App\Controllers\Admin\Usuarios->index()
#1 /Users/matheusgomes/Downloads/XAMPP/xamppfiles/htdocs/food/system/CodeIgniter.php(419): CodeIgniter\CodeIgniter->runController(Object(App\Controllers\Admin\Usuarios))
#2 /Users/matheusgomes/Downloads/XAMPP/xamppfiles/htdocs/food/system/CodeIgniter.php(326): CodeIgniter\CodeIgniter->handleRequest(NULL, Object(Config\Cache), false)
#3 /Users/matheusgomes/Downloads/XAMPP/xamppfiles/htdocs/food/public/index.php(37): CodeIgniter\CodeIgniter->run()
#4 /Users/matheusgomes/Downloads/XAMPP/xamppfiles/htdocs/food/system/Commands/Server/rewrite.php(43): require_once('/Users/matheusg...')
#5 {main}
CRITICAL - 2022-05-11 22:19:47 --> Call to a member function findAll() on null
#0 /Users/matheusgomes/Downloads/XAMPP/xamppfiles/htdocs/food/system/CodeIgniter.php(832): App\Controllers\Admin\Usuarios->index()
#1 /Users/matheusgomes/Downloads/XAMPP/xamppfiles/htdocs/food/system/CodeIgniter.php(419): CodeIgniter\CodeIgniter->runController(Object(App\Controllers\Admin\Usuarios))
#2 /Users/matheusgomes/Downloads/XAMPP/xamppfiles/htdocs/food/system/CodeIgniter.php(326): CodeIgniter\CodeIgniter->handleRequest(NULL, Object(Config\Cache), false)
#3 /Users/matheusgomes/Downloads/XAMPP/xamppfiles/htdocs/food/public/index.php(37): CodeIgniter\CodeIgniter->run()
#4 /Users/matheusgomes/Downloads/XAMPP/xamppfiles/htdocs/food/system/Commands/Server/rewrite.php(43): require_once('/Users/matheusg...')
#5 {main}
CRITICAL - 2022-05-11 22:19:56 --> Call to a member function findAll() on null
#0 /Users/matheusgomes/Downloads/XAMPP/xamppfiles/htdocs/food/system/CodeIgniter.php(832): App\Controllers\Admin\Usuarios->index()
#1 /Users/matheusgomes/Downloads/XAMPP/xamppfiles/htdocs/food/system/CodeIgniter.php(419): CodeIgniter\CodeIgniter->runController(Object(App\Controllers\Admin\Usuarios))
#2 /Users/matheusgomes/Downloads/XAMPP/xamppfiles/htdocs/food/system/CodeIgniter.php(326): CodeIgniter\CodeIgniter->handleRequest(NULL, Object(Config\Cache), false)
#3 /Users/matheusgomes/Downloads/XAMPP/xamppfiles/htdocs/food/public/index.php(37): CodeIgniter\CodeIgniter->run()
#4 /Users/matheusgomes/Downloads/XAMPP/xamppfiles/htdocs/food/system/Commands/Server/rewrite.php(43): require_once('/Users/matheusg...')
#5 {main}
CRITICAL - 2022-05-11 22:20:33 --> Call to a member function findAll() on null
#0 /Users/matheusgomes/Downloads/XAMPP/xamppfiles/htdocs/food/system/CodeIgniter.php(832): App\Controllers\Admin\Usuarios->index()
#1 /Users/matheusgomes/Downloads/XAMPP/xamppfiles/htdocs/food/system/CodeIgniter.php(419): CodeIgniter\CodeIgniter->runController(Object(App\Controllers\Admin\Usuarios))
#2 /Users/matheusgomes/Downloads/XAMPP/xamppfiles/htdocs/food/system/CodeIgniter.php(326): CodeIgniter\CodeIgniter->handleRequest(NULL, Object(Config\Cache), false)
#3 /Users/matheusgomes/Downloads/XAMPP/xamppfiles/htdocs/food/public/index.php(37): CodeIgniter\CodeIgniter->run()
#4 /Users/matheusgomes/Downloads/XAMPP/xamppfiles/htdocs/food/system/Commands/Server/rewrite.php(43): require_once('/Users/matheusg...')
#5 {main}
ERROR - 2022-05-11 22:23:17 --> Unknown column 'usuarios.deleted_at' in 'where clause'
CRITICAL - 2022-05-11 22:23:17 --> Unknown column 'usuarios.deleted_at' in 'where clause'
#0 /Users/matheusgomes/Downloads/XAMPP/xamppfiles/htdocs/food/system/Database/MySQLi/Connection.php(292): mysqli->query('SELECT *\nFROM `...', 0)
#1 /Users/matheusgomes/Downloads/XAMPP/xamppfiles/htdocs/food/system/Database/BaseConnection.php(670): CodeIgniter\Database\MySQLi\Connection->execute('SELECT *\nFROM `...')
#2 /Users/matheusgomes/Downloads/XAMPP/xamppfiles/htdocs/food/system/Database/BaseConnection.php(598): CodeIgniter\Database\BaseConnection->simpleQuery('SELECT *\nFROM `...')
#3 /Users/matheusgomes/Downloads/XAMPP/xamppfiles/htdocs/food/system/Database/BaseBuilder.php(1455): CodeIgniter\Database\BaseConnection->query('SELECT *\nFROM `...', Array, false)
#4 /Users/matheusgomes/Downloads/XAMPP/xamppfiles/htdocs/food/system/Model.php(183): CodeIgniter\Database\BaseBuilder->get()
#5 /Users/matheusgomes/Downloads/XAMPP/xamppfiles/htdocs/food/system/BaseModel.php(584): CodeIgniter\Model->doFindAll(0, 0)
#6 /Users/matheusgomes/Downloads/XAMPP/xamppfiles/htdocs/food/app/Controllers/Admin/Usuarios.php(19): CodeIgniter\BaseModel->findAll()
#7 /Users/matheusgomes/Downloads/XAMPP/xamppfiles/htdocs/food/system/CodeIgniter.php(832): App\Controllers\Admin\Usuarios->index()
#8 /Users/matheusgomes/Downloads/XAMPP/xamppfiles/htdocs/food/system/CodeIgniter.php(419): CodeIgniter\CodeIgniter->runController(Object(App\Controllers\Admin\Usuarios))
#9 /Users/matheusgomes/Downloads/XAMPP/xamppfiles/htdocs/food/system/CodeIgniter.php(326): CodeIgniter\CodeIgniter->handleRequest(NULL, Object(Config\Cache), false)
#10 /Users/matheusgomes/Downloads/XAMPP/xamppfiles/htdocs/food/public/index.php(37): CodeIgniter\CodeIgniter->run()
#11 /Users/matheusgomes/Downloads/XAMPP/xamppfiles/htdocs/food/system/Commands/Server/rewrite.php(43): require_once('/Users/matheusg...')
#12 {main}
CRITICAL - 2022-05-11 22:23:21 --> Call to a member function findAll() on null
#0 /Users/matheusgomes/Downloads/XAMPP/xamppfiles/htdocs/food/system/CodeIgniter.php(832): App\Controllers\Admin\Usuarios->index()
#1 /Users/matheusgomes/Downloads/XAMPP/xamppfiles/htdocs/food/system/CodeIgniter.php(419): CodeIgniter\CodeIgniter->runController(Object(App\Controllers\Admin\Usuarios))
#2 /Users/matheusgomes/Downloads/XAMPP/xamppfiles/htdocs/food/system/CodeIgniter.php(326): CodeIgniter\CodeIgniter->handleRequest(NULL, Object(Config\Cache), false)
#3 /Users/matheusgomes/Downloads/XAMPP/xamppfiles/htdocs/food/public/index.php(37): CodeIgniter\CodeIgniter->run()
#4 /Users/matheusgomes/Downloads/XAMPP/xamppfiles/htdocs/food/system/Commands/Server/rewrite.php(43): require_once('/Users/matheusg...')
#5 {main}
CRITICAL - 2022-05-11 22:26:56 --> Call to a member function findAll() on null
#0 /Users/matheusgomes/Downloads/XAMPP/xamppfiles/htdocs/food/system/CodeIgniter.php(832): App\Controllers\Admin\Usuarios->index()
#1 /Users/matheusgomes/Downloads/XAMPP/xamppfiles/htdocs/food/system/CodeIgniter.php(419): CodeIgniter\CodeIgniter->runController(Object(App\Controllers\Admin\Usuarios))
#2 /Users/matheusgomes/Downloads/XAMPP/xamppfiles/htdocs/food/system/CodeIgniter.php(326): CodeIgniter\CodeIgniter->handleRequest(NULL, Object(Config\Cache), false)
#3 /Users/matheusgomes/Downloads/XAMPP/xamppfiles/htdocs/food/public/index.php(37): CodeIgniter\CodeIgniter->run()
#4 /Users/matheusgomes/Downloads/XAMPP/xamppfiles/htdocs/food/system/Commands/Server/rewrite.php(43): require_once('/Users/matheusg...')
#5 {main}
CRITICAL - 2022-05-11 22:28:26 --> Call to a member function findAll() on null
#0 /Users/matheusgomes/Downloads/XAMPP/xamppfiles/htdocs/food/system/CodeIgniter.php(832): App\Controllers\Admin\Usuarios->index()
#1 /Users/matheusgomes/Downloads/XAMPP/xamppfiles/htdocs/food/system/CodeIgniter.php(419): CodeIgniter\CodeIgniter->runController(Object(App\Controllers\Admin\Usuarios))
#2 /Users/matheusgomes/Downloads/XAMPP/xamppfiles/htdocs/food/system/CodeIgniter.php(326): CodeIgniter\CodeIgniter->handleRequest(NULL, Object(Config\Cache), false)
#3 /Users/matheusgomes/Downloads/XAMPP/xamppfiles/htdocs/food/public/index.php(37): CodeIgniter\CodeIgniter->run()
#4 /Users/matheusgomes/Downloads/XAMPP/xamppfiles/htdocs/food/system/Commands/Server/rewrite.php(43): require_once('/Users/matheusg...')
#5 {main}
CRITICAL - 2022-05-11 22:28:27 --> Call to a member function findAll() on null
#0 /Users/matheusgomes/Downloads/XAMPP/xamppfiles/htdocs/food/system/CodeIgniter.php(832): App\Controllers\Admin\Usuarios->index()
#1 /Users/matheusgomes/Downloads/XAMPP/xamppfiles/htdocs/food/system/CodeIgniter.php(419): CodeIgniter\CodeIgniter->runController(Object(App\Controllers\Admin\Usuarios))
#2 /Users/matheusgomes/Downloads/XAMPP/xamppfiles/htdocs/food/system/CodeIgniter.php(326): CodeIgniter\CodeIgniter->handleRequest(NULL, Object(Config\Cache), false)
#3 /Users/matheusgomes/Downloads/XAMPP/xamppfiles/htdocs/food/public/index.php(37): CodeIgniter\CodeIgniter->run()
#4 /Users/matheusgomes/Downloads/XAMPP/xamppfiles/htdocs/food/system/Commands/Server/rewrite.php(43): require_once('/Users/matheusg...')
#5 {main}
CRITICAL - 2022-05-11 22:28:28 --> Call to a member function findAll() on null
#0 /Users/matheusgomes/Downloads/XAMPP/xamppfiles/htdocs/food/system/CodeIgniter.php(832): App\Controllers\Admin\Usuarios->index()
#1 /Users/matheusgomes/Downloads/XAMPP/xamppfiles/htdocs/food/system/CodeIgniter.php(419): CodeIgniter\CodeIgniter->runController(Object(App\Controllers\Admin\Usuarios))
#2 /Users/matheusgomes/Downloads/XAMPP/xamppfiles/htdocs/food/system/CodeIgniter.php(326): CodeIgniter\CodeIgniter->handleRequest(NULL, Object(Config\Cache), false)
#3 /Users/matheusgomes/Downloads/XAMPP/xamppfiles/htdocs/food/public/index.php(37): CodeIgniter\CodeIgniter->run()
#4 /Users/matheusgomes/Downloads/XAMPP/xamppfiles/htdocs/food/system/Commands/Server/rewrite.php(43): require_once('/Users/matheusg...')
#5 {main}
CRITICAL - 2022-05-11 22:28:37 --> Call to a member function findAll() on null
#0 /Users/matheusgomes/Downloads/XAMPP/xamppfiles/htdocs/food/system/CodeIgniter.php(832): App\Controllers\Admin\Usuarios->index()
#1 /Users/matheusgomes/Downloads/XAMPP/xamppfiles/htdocs/food/system/CodeIgniter.php(419): CodeIgniter\CodeIgniter->runController(Object(App\Controllers\Admin\Usuarios))
#2 /Users/matheusgomes/Downloads/XAMPP/xamppfiles/htdocs/food/system/CodeIgniter.php(326): CodeIgniter\CodeIgniter->handleRequest(NULL, Object(Config\Cache), false)
#3 /Users/matheusgomes/Downloads/XAMPP/xamppfiles/htdocs/food/public/index.php(37): CodeIgniter\CodeIgniter->run()
#4 /Users/matheusgomes/Downloads/XAMPP/xamppfiles/htdocs/food/system/Commands/Server/rewrite.php(43): require_once('/Users/matheusg...')
#5 {main}
CRITICAL - 2022-05-11 22:28:38 --> Call to a member function findAll() on null
#0 /Users/matheusgomes/Downloads/XAMPP/xamppfiles/htdocs/food/system/CodeIgniter.php(832): App\Controllers\Admin\Usuarios->index()
#1 /Users/matheusgomes/Downloads/XAMPP/xamppfiles/htdocs/food/system/CodeIgniter.php(419): CodeIgniter\CodeIgniter->runController(Object(App\Controllers\Admin\Usuarios))
#2 /Users/matheusgomes/Downloads/XAMPP/xamppfiles/htdocs/food/system/CodeIgniter.php(326): CodeIgniter\CodeIgniter->handleRequest(NULL, Object(Config\Cache), false)
#3 /Users/matheusgomes/Downloads/XAMPP/xamppfiles/htdocs/food/public/index.php(37): CodeIgniter\CodeIgniter->run()
#4 /Users/matheusgomes/Downloads/XAMPP/xamppfiles/htdocs/food/system/Commands/Server/rewrite.php(43): require_once('/Users/matheusg...')
#5 {main}
CRITICAL - 2022-05-11 22:28:39 --> Call to a member function findAll() on null
#0 /Users/matheusgomes/Downloads/XAMPP/xamppfiles/htdocs/food/system/CodeIgniter.php(832): App\Controllers\Admin\Usuarios->index()
#1 /Users/matheusgomes/Downloads/XAMPP/xamppfiles/htdocs/food/system/CodeIgniter.php(419): CodeIgniter\CodeIgniter->runController(Object(App\Controllers\Admin\Usuarios))
#2 /Users/matheusgomes/Downloads/XAMPP/xamppfiles/htdocs/food/system/CodeIgniter.php(326): CodeIgniter\CodeIgniter->handleRequest(NULL, Object(Config\Cache), false)
#3 /Users/matheusgomes/Downloads/XAMPP/xamppfiles/htdocs/food/public/index.php(37): CodeIgniter\CodeIgniter->run()
#4 /Users/matheusgomes/Downloads/XAMPP/xamppfiles/htdocs/food/system/Commands/Server/rewrite.php(43): require_once('/Users/matheusg...')
#5 {main}
CRITICAL - 2022-05-11 22:28:44 --> Call to a member function findAll() on null
#0 /Users/matheusgomes/Downloads/XAMPP/xamppfiles/htdocs/food/system/CodeIgniter.php(832): App\Controllers\Admin\Usuarios->index()
#1 /Users/matheusgomes/Downloads/XAMPP/xamppfiles/htdocs/food/system/CodeIgniter.php(419): CodeIgniter\CodeIgniter->runController(Object(App\Controllers\Admin\Usuarios))
#2 /Users/matheusgomes/Downloads/XAMPP/xamppfiles/htdocs/food/system/CodeIgniter.php(326): CodeIgniter\CodeIgniter->handleRequest(NULL, Object(Config\Cache), false)
#3 /Users/matheusgomes/Downloads/XAMPP/xamppfiles/htdocs/food/public/index.php(37): CodeIgniter\CodeIgniter->run()
#4 /Users/matheusgomes/Downloads/XAMPP/xamppfiles/htdocs/food/system/Commands/Server/rewrite.php(43): require_once('/Users/matheusg...')
#5 {main}
CRITICAL - 2022-05-11 22:31:20 --> Call to a member function findAll() on null
#0 /Users/matheusgomes/Downloads/XAMPP/xamppfiles/htdocs/food/system/CodeIgniter.php(832): App\Controllers\Admin\Usuarios->index()
#1 /Users/matheusgomes/Downloads/XAMPP/xamppfiles/htdocs/food/system/CodeIgniter.php(419): CodeIgniter\CodeIgniter->runController(Object(App\Controllers\Admin\Usuarios))
#2 /Users/matheusgomes/Downloads/XAMPP/xamppfiles/htdocs/food/system/CodeIgniter.php(326): CodeIgniter\CodeIgniter->handleRequest(NULL, Object(Config\Cache), false)
#3 /Users/matheusgomes/Downloads/XAMPP/xamppfiles/htdocs/food/public/index.php(37): CodeIgniter\CodeIgniter->run()
#4 /Users/matheusgomes/Downloads/XAMPP/xamppfiles/htdocs/food/system/Commands/Server/rewrite.php(43): require_once('/Users/matheusg...')
#5 {main}
CRITICAL - 2022-05-11 22:31:21 --> Call to a member function findAll() on null
#0 /Users/matheusgomes/Downloads/XAMPP/xamppfiles/htdocs/food/system/CodeIgniter.php(832): App\Controllers\Admin\Usuarios->index()
#1 /Users/matheusgomes/Downloads/XAMPP/xamppfiles/htdocs/food/system/CodeIgniter.php(419): CodeIgniter\CodeIgniter->runController(Object(App\Controllers\Admin\Usuarios))
#2 /Users/matheusgomes/Downloads/XAMPP/xamppfiles/htdocs/food/system/CodeIgniter.php(326): CodeIgniter\CodeIgniter->handleRequest(NULL, Object(Config\Cache), false)
#3 /Users/matheusgomes/Downloads/XAMPP/xamppfiles/htdocs/food/public/index.php(37): CodeIgniter\CodeIgniter->run()
#4 /Users/matheusgomes/Downloads/XAMPP/xamppfiles/htdocs/food/system/Commands/Server/rewrite.php(43): require_once('/Users/matheusg...')
#5 {main}
CRITICAL - 2022-05-11 22:31:23 --> Call to a member function findAll() on null
#0 /Users/matheusgomes/Downloads/XAMPP/xamppfiles/htdocs/food/system/CodeIgniter.php(832): App\Controllers\Admin\Usuarios->index()
#1 /Users/matheusgomes/Downloads/XAMPP/xamppfiles/htdocs/food/system/CodeIgniter.php(419): CodeIgniter\CodeIgniter->runController(Object(App\Controllers\Admin\Usuarios))
#2 /Users/matheusgomes/Downloads/XAMPP/xamppfiles/htdocs/food/system/CodeIgniter.php(326): CodeIgniter\CodeIgniter->handleRequest(NULL, Object(Config\Cache), false)
#3 /Users/matheusgomes/Downloads/XAMPP/xamppfiles/htdocs/food/public/index.php(37): CodeIgniter\CodeIgniter->run()
#4 /Users/matheusgomes/Downloads/XAMPP/xamppfiles/htdocs/food/system/Commands/Server/rewrite.php(43): require_once('/Users/matheusg...')
#5 {main}
CRITICAL - 2022-05-11 22:31:24 --> Call to a member function findAll() on null
#0 /Users/matheusgomes/Downloads/XAMPP/xamppfiles/htdocs/food/system/CodeIgniter.php(832): App\Controllers\Admin\Usuarios->index()
#1 /Users/matheusgomes/Downloads/XAMPP/xamppfiles/htdocs/food/system/CodeIgniter.php(419): CodeIgniter\CodeIgniter->runController(Object(App\Controllers\Admin\Usuarios))
#2 /Users/matheusgomes/Downloads/XAMPP/xamppfiles/htdocs/food/system/CodeIgniter.php(326): CodeIgniter\CodeIgniter->handleRequest(NULL, Object(Config\Cache), false)
#3 /Users/matheusgomes/Downloads/XAMPP/xamppfiles/htdocs/food/public/index.php(37): CodeIgniter\CodeIgniter->run()
#4 /Users/matheusgomes/Downloads/XAMPP/xamppfiles/htdocs/food/system/Commands/Server/rewrite.php(43): require_once('/Users/matheusg...')
#5 {main}
CRITICAL - 2022-05-11 22:33:45 --> syntax error, unexpected '}'
#0 /Users/matheusgomes/Downloads/XAMPP/xamppfiles/htdocs/food/system/Router/Router.php(175): CodeIgniter\Router\Router->autoRoute('admin/usuarios')
#1 /Users/matheusgomes/Downloads/XAMPP/xamppfiles/htdocs/food/system/CodeIgniter.php(726): CodeIgniter\Router\Router->handle('admin/usuarios')
#2 /Users/matheusgomes/Downloads/XAMPP/xamppfiles/htdocs/food/system/CodeIgniter.php(368): CodeIgniter\CodeIgniter->tryToRouteIt(Object(CodeIgniter\Router\RouteCollection))
#3 /Users/matheusgomes/Downloads/XAMPP/xamppfiles/htdocs/food/system/CodeIgniter.php(326): CodeIgniter\CodeIgniter->handleRequest(NULL, Object(Config\Cache), false)
#4 /Users/matheusgomes/Downloads/XAMPP/xamppfiles/htdocs/food/public/index.php(37): CodeIgniter\CodeIgniter->run()
#5 /Users/matheusgomes/Downloads/XAMPP/xamppfiles/htdocs/food/system/Commands/Server/rewrite.php(43): require_once('/Users/matheusg...')
#6 {main}
CRITICAL - 2022-05-11 22:33:47 --> syntax error, unexpected '}'
#0 /Users/matheusgomes/Downloads/XAMPP/xamppfiles/htdocs/food/system/Router/Router.php(175): CodeIgniter\Router\Router->autoRoute('admin/usuarios')
#1 /Users/matheusgomes/Downloads/XAMPP/xamppfiles/htdocs/food/system/CodeIgniter.php(726): CodeIgniter\Router\Router->handle('admin/usuarios')
#2 /Users/matheusgomes/Downloads/XAMPP/xamppfiles/htdocs/food/system/CodeIgniter.php(368): CodeIgniter\CodeIgniter->tryToRouteIt(Object(CodeIgniter\Router\RouteCollection))
#3 /Users/matheusgomes/Downloads/XAMPP/xamppfiles/htdocs/food/system/CodeIgniter.php(326): CodeIgniter\CodeIgniter->handleRequest(NULL, Object(Config\Cache), false)
#4 /Users/matheusgomes/Downloads/XAMPP/xamppfiles/htdocs/food/public/index.php(37): CodeIgniter\CodeIgniter->run()
#5 /Users/matheusgomes/Downloads/XAMPP/xamppfiles/htdocs/food/system/Commands/Server/rewrite.php(43): require_once('/Users/matheusg...')
#6 {main}
CRITICAL - 2022-05-11 22:33:48 --> syntax error, unexpected '}'
#0 /Users/matheusgomes/Downloads/XAMPP/xamppfiles/htdocs/food/system/Router/Router.php(175): CodeIgniter\Router\Router->autoRoute('admin/usuarios')
#1 /Users/matheusgomes/Downloads/XAMPP/xamppfiles/htdocs/food/system/CodeIgniter.php(726): CodeIgniter\Router\Router->handle('admin/usuarios')
#2 /Users/matheusgomes/Downloads/XAMPP/xamppfiles/htdocs/food/system/CodeIgniter.php(368): CodeIgniter\CodeIgniter->tryToRouteIt(Object(CodeIgniter\Router\RouteCollection))
#3 /Users/matheusgomes/Downloads/XAMPP/xamppfiles/htdocs/food/system/CodeIgniter.php(326): CodeIgniter\CodeIgniter->handleRequest(NULL, Object(Config\Cache), false)
#4 /Users/matheusgomes/Downloads/XAMPP/xamppfiles/htdocs/food/public/index.php(37): CodeIgniter\CodeIgniter->run()
#5 /Users/matheusgomes/Downloads/XAMPP/xamppfiles/htdocs/food/system/Commands/Server/rewrite.php(43): require_once('/Users/matheusg...')
#6 {main}
CRITICAL - 2022-05-11 22:34:00 --> Call to a member function findAll() on null
#0 /Users/matheusgomes/Downloads/XAMPP/xamppfiles/htdocs/food/system/CodeIgniter.php(832): App\Controllers\Admin\Usuarios->index()
#1 /Users/matheusgomes/Downloads/XAMPP/xamppfiles/htdocs/food/system/CodeIgniter.php(419): CodeIgniter\CodeIgniter->runController(Object(App\Controllers\Admin\Usuarios))
#2 /Users/matheusgomes/Downloads/XAMPP/xamppfiles/htdocs/food/system/CodeIgniter.php(326): CodeIgniter\CodeIgniter->handleRequest(NULL, Object(Config\Cache), false)
#3 /Users/matheusgomes/Downloads/XAMPP/xamppfiles/htdocs/food/public/index.php(37): CodeIgniter\CodeIgniter->run()
#4 /Users/matheusgomes/Downloads/XAMPP/xamppfiles/htdocs/food/system/Commands/Server/rewrite.php(43): require_once('/Users/matheusg...')
#5 {main}
CRITICAL - 2022-05-11 22:35:27 --> Call to a member function findAll() on null
#0 /Users/matheusgomes/Downloads/XAMPP/xamppfiles/htdocs/food/system/CodeIgniter.php(832): App\Controllers\Admin\Usuarios->index()
#1 /Users/matheusgomes/Downloads/XAMPP/xamppfiles/htdocs/food/system/CodeIgniter.php(419): CodeIgniter\CodeIgniter->runController(Object(App\Controllers\Admin\Usuarios))
#2 /Users/matheusgomes/Downloads/XAMPP/xamppfiles/htdocs/food/system/CodeIgniter.php(326): CodeIgniter\CodeIgniter->handleRequest(NULL, Object(Config\Cache), false)
#3 /Users/matheusgomes/Downloads/XAMPP/xamppfiles/htdocs/food/public/index.php(37): CodeIgniter\CodeIgniter->run()
#4 /Users/matheusgomes/Downloads/XAMPP/xamppfiles/htdocs/food/system/Commands/Server/rewrite.php(43): require_once('/Users/matheusg...')
#5 {main}
CRITICAL - 2022-05-11 23:03:41 --> syntax error, unexpected '<'
#0 /Users/matheusgomes/Downloads/XAMPP/xamppfiles/htdocs/food/system/View/View.php(213): CodeIgniter\View\View->CodeIgniter\View\{closure}()
#1 /Users/matheusgomes/Downloads/XAMPP/xamppfiles/htdocs/food/system/Common.php(1089): CodeIgniter\View\View->render('Admin/Usuarios/...', Array, true)
#2 /Users/matheusgomes/Downloads/XAMPP/xamppfiles/htdocs/food/app/Controllers/Admin/Usuarios.php(24): view('Admin/Usuarios/...', Array)
#3 /Users/matheusgomes/Downloads/XAMPP/xamppfiles/htdocs/food/system/CodeIgniter.php(832): App\Controllers\Admin\Usuarios->index()
#4 /Users/matheusgomes/Downloads/XAMPP/xamppfiles/htdocs/food/system/CodeIgniter.php(419): CodeIgniter\CodeIgniter->runController(Object(App\Controllers\Admin\Usuarios))
#5 /Users/matheusgomes/Downloads/XAMPP/xamppfiles/htdocs/food/system/CodeIgniter.php(326): CodeIgniter\CodeIgniter->handleRequest(NULL, Object(Config\Cache), false)
#6 /Users/matheusgomes/Downloads/XAMPP/xamppfiles/htdocs/food/public/index.php(37): CodeIgniter\CodeIgniter->run()
#7 /Users/matheusgomes/Downloads/XAMPP/xamppfiles/htdocs/food/system/Commands/Server/rewrite.php(43): require_once('/Users/matheusg...')
#8 {main}
CRITICAL - 2022-05-11 23:06:08 --> syntax error, unexpected ')'
#0 /Users/matheusgomes/Downloads/XAMPP/xamppfiles/htdocs/food/system/View/View.php(213): CodeIgniter\View\View->CodeIgniter\View\{closure}()
#1 /Users/matheusgomes/Downloads/XAMPP/xamppfiles/htdocs/food/system/Common.php(1089): CodeIgniter\View\View->render('Admin/Usuarios/...', Array, true)
#2 /Users/matheusgomes/Downloads/XAMPP/xamppfiles/htdocs/food/app/Controllers/Admin/Usuarios.php(24): view('Admin/Usuarios/...', Array)
#3 /Users/matheusgomes/Downloads/XAMPP/xamppfiles/htdocs/food/system/CodeIgniter.php(832): App\Controllers\Admin\Usuarios->index()
#4 /Users/matheusgomes/Downloads/XAMPP/xamppfiles/htdocs/food/system/CodeIgniter.php(419): CodeIgniter\CodeIgniter->runController(Object(App\Controllers\Admin\Usuarios))
#5 /Users/matheusgomes/Downloads/XAMPP/xamppfiles/htdocs/food/system/CodeIgniter.php(326): CodeIgniter\CodeIgniter->handleRequest(NULL, Object(Config\Cache), false)
#6 /Users/matheusgomes/Downloads/XAMPP/xamppfiles/htdocs/food/public/index.php(37): CodeIgniter\CodeIgniter->run()
#7 /Users/matheusgomes/Downloads/XAMPP/xamppfiles/htdocs/food/system/Commands/Server/rewrite.php(43): require_once('/Users/matheusg...')
#8 {main}
