CRITICAL - 2022-05-14 16:10:06 --> Class 'App\Filters\Throttle' not found
#0 /Users/matheusgomes/Downloads/XAMPP/xamppfiles/htdocs/food/system/CodeIgniter.php(393): CodeIgniter\Filters\Filters->run('login/criar', 'before')
#1 /Users/matheusgomes/Downloads/XAMPP/xamppfiles/htdocs/food/system/CodeIgniter.php(326): CodeIgniter\CodeIgniter->handleRequest(NULL, Object(Config\Cache), false)
#2 /Users/matheusgomes/Downloads/XAMPP/xamppfiles/htdocs/food/public/index.php(37): CodeIgniter\CodeIgniter->run()
#3 /Users/matheusgomes/Downloads/XAMPP/xamppfiles/htdocs/food/system/Commands/Server/rewrite.php(43): require_once('/Users/matheusg...')
#4 {main}
CRITICAL - 2022-05-14 22:31:27 --> Class 'App\Filters\Throttle' not found
#0 /Users/matheusgomes/Downloads/XAMPP/xamppfiles/htdocs/food/system/CodeIgniter.php(393): CodeIgniter\Filters\Filters->run('login/criar', 'before')
#1 /Users/matheusgomes/Downloads/XAMPP/xamppfiles/htdocs/food/system/CodeIgniter.php(326): CodeIgniter\CodeIgniter->handleRequest(NULL, Object(Config\Cache), false)
#2 /Users/matheusgomes/Downloads/XAMPP/xamppfiles/htdocs/food/public/index.php(37): CodeIgniter\CodeIgniter->run()
#3 /Users/matheusgomes/Downloads/XAMPP/xamppfiles/htdocs/food/system/Commands/Server/rewrite.php(43): require_once('/Users/matheusg...')
#4 {main}
CRITICAL - 2022-05-14 22:33:13 --> Class 'App\Filters\Throttle' not found
#0 /Users/matheusgomes/Downloads/XAMPP/xamppfiles/htdocs/food/system/CodeIgniter.php(393): CodeIgniter\Filters\Filters->run('login/criar', 'before')
#1 /Users/matheusgomes/Downloads/XAMPP/xamppfiles/htdocs/food/system/CodeIgniter.php(326): CodeIgniter\CodeIgniter->handleRequest(NULL, Object(Config\Cache), false)
#2 /Users/matheusgomes/Downloads/XAMPP/xamppfiles/htdocs/food/public/index.php(37): CodeIgniter\CodeIgniter->run()
#3 /Users/matheusgomes/Downloads/XAMPP/xamppfiles/htdocs/food/system/Commands/Server/rewrite.php(43): require_once('/Users/matheusg...')
#4 {main}
CRITICAL - 2022-05-14 22:33:28 --> Class 'App\Filters\Throttle' not found
#0 /Users/matheusgomes/Downloads/XAMPP/xamppfiles/htdocs/food/system/CodeIgniter.php(393): CodeIgniter\Filters\Filters->run('login/criar', 'before')
#1 /Users/matheusgomes/Downloads/XAMPP/xamppfiles/htdocs/food/system/CodeIgniter.php(326): CodeIgniter\CodeIgniter->handleRequest(NULL, Object(Config\Cache), false)
#2 /Users/matheusgomes/Downloads/XAMPP/xamppfiles/htdocs/food/public/index.php(37): CodeIgniter\CodeIgniter->run()
#3 /Users/matheusgomes/Downloads/XAMPP/xamppfiles/htdocs/food/system/Commands/Server/rewrite.php(43): require_once('/Users/matheusg...')
#4 {main}
CRITICAL - 2022-05-14 22:33:40 --> Class 'App\Filters\Throttle' not found
#0 /Users/matheusgomes/Downloads/XAMPP/xamppfiles/htdocs/food/system/CodeIgniter.php(393): CodeIgniter\Filters\Filters->run('login/criar', 'before')
#1 /Users/matheusgomes/Downloads/XAMPP/xamppfiles/htdocs/food/system/CodeIgniter.php(326): CodeIgniter\CodeIgniter->handleRequest(NULL, Object(Config\Cache), false)
#2 /Users/matheusgomes/Downloads/XAMPP/xamppfiles/htdocs/food/public/index.php(37): CodeIgniter\CodeIgniter->run()
#3 /Users/matheusgomes/Downloads/XAMPP/xamppfiles/htdocs/food/system/Commands/Server/rewrite.php(43): require_once('/Users/matheusg...')
#4 {main}
